2013-08-04 12:49:56,868 - Null reference [template '', line 151, column 16] : ${sql} cannot be resolved.
2013-08-04 12:49:56,868 - Null reference [template '', line 157, column 18] : ${sql} cannot be resolved.
2013-08-04 12:49:56,868 - Null reference [template '', line 162, column 18] : ${sql} cannot be resolved.
2013-08-04 12:58:50,813 - Parser Exception: 
org.apache.velocity.runtime.parser.ParseException: Encountered "a" at line 91, column 24.
Was expecting one of:
    "[" ...
    "{" ...
    "(" ...
    <STRING_LITERAL> ...
    "true" ...
    "false" ...
    <INTEGER_LITERAL> ...
    <FLOATING_POINT_LITERAL> ...
    <IDENTIFIER> ...
    "{" ...
    "[" ...
    
	at org.apache.velocity.runtime.parser.Parser.generateParseException(Parser.java:3679)
	at org.apache.velocity.runtime.parser.Parser.jj_consume_token(Parser.java:3558)
	at org.apache.velocity.runtime.parser.Parser.PrimaryExpression(Parser.java:2644)
	at org.apache.velocity.runtime.parser.Parser.UnaryExpression(Parser.java:2586)
	at org.apache.velocity.runtime.parser.Parser.MultiplicativeExpression(Parser.java:2435)
	at org.apache.velocity.runtime.parser.Parser.AdditiveExpression(Parser.java:2359)
	at org.apache.velocity.runtime.parser.Parser.RelationalExpression(Parser.java:2227)
	at org.apache.velocity.runtime.parser.Parser.EqualityExpression(Parser.java:2151)
	at org.apache.velocity.runtime.parser.Parser.ConditionalAndExpression(Parser.java:2111)
	at org.apache.velocity.runtime.parser.Parser.ConditionalOrExpression(Parser.java:2071)
	at org.apache.velocity.runtime.parser.Parser.Expression(Parser.java:2018)
	at org.apache.velocity.runtime.parser.Parser.SetDirective(Parser.java:1971)
	at org.apache.velocity.runtime.parser.Parser.Statement(Parser.java:369)
	at org.apache.velocity.runtime.parser.Parser.ElseStatement(Parser.java:1804)
	at org.apache.velocity.runtime.parser.Parser.IfStatement(Parser.java:1734)
	at org.apache.velocity.runtime.parser.Parser.Statement(Parser.java:352)
	at org.apache.velocity.runtime.parser.Parser.Directive(Parser.java:918)
	at org.apache.velocity.runtime.parser.Parser.Statement(Parser.java:379)
	at org.apache.velocity.runtime.parser.Parser.process(Parser.java:317)
	at org.apache.velocity.runtime.parser.Parser.parse(Parser.java:117)
	at org.apache.velocity.runtime.RuntimeInstance.parse(RuntimeInstance.java:1226)
	at org.apache.velocity.runtime.RuntimeInstance.parse(RuntimeInstance.java:1181)
	at org.apache.velocity.runtime.RuntimeInstance.evaluate(RuntimeInstance.java:1297)
	at org.apache.velocity.app.Velocity.evaluate(Velocity.java:254)
	at org.richie.codeGen.core.velocity.CodeGen.genCode(CodeGen.java:103)
	at org.richie.codeGen.ui.GenAndPreviewUI.previewCode(GenAndPreviewUI.java:268)
	at org.richie.codeGen.ui.GenAndPreviewUI$3.mouseClicked(GenAndPreviewUI.java:651)
	at java.awt.AWTEventMulticaster.mouseClicked(AWTEventMulticaster.java:253)
	at java.awt.AWTEventMulticaster.mouseClicked(AWTEventMulticaster.java:252)
	at java.awt.Component.processMouseEvent(Component.java:6044)
	at javax.swing.JComponent.processMouseEvent(JComponent.java:3265)
	at java.awt.Component.processEvent(Component.java:5806)
	at java.awt.Container.processEvent(Container.java:2058)
	at java.awt.Component.dispatchEventImpl(Component.java:4413)
	at java.awt.Container.dispatchEventImpl(Container.java:2116)
	at java.awt.Component.dispatchEvent(Component.java:4243)
	at java.awt.LightweightDispatcher.retargetMouseEvent(Container.java:4322)
	at java.awt.LightweightDispatcher.processMouseEvent(Container.java:3995)
	at java.awt.LightweightDispatcher.dispatchEvent(Container.java:3916)
	at java.awt.Container.dispatchEventImpl(Container.java:2102)
	at java.awt.Window.dispatchEventImpl(Window.java:2440)
	at java.awt.Component.dispatchEvent(Component.java:4243)
	at java.awt.EventQueue.dispatchEvent(EventQueue.java:599)
	at java.awt.EventDispatchThread.pumpOneEventForFilters(EventDispatchThread.java:273)
	at java.awt.EventDispatchThread.pumpEventsForFilter(EventDispatchThread.java:183)
	at java.awt.EventDispatchThread.pumpEventsForHierarchy(EventDispatchThread.java:173)
	at java.awt.EventDispatchThread.pumpEvents(EventDispatchThread.java:168)
	at java.awt.EventDispatchThread.pumpEvents(EventDispatchThread.java:160)
	at java.awt.EventDispatchThread.run(EventDispatchThread.java:121)
2013-08-04 12:59:18,130 - Parser Exception: 
org.apache.velocity.runtime.parser.ParseException: Encountered "a" at line 92, column 24.
Was expecting one of:
    "[" ...
    "{" ...
    "(" ...
    <STRING_LITERAL> ...
    "true" ...
    "false" ...
    <INTEGER_LITERAL> ...
    <FLOATING_POINT_LITERAL> ...
    <IDENTIFIER> ...
    "{" ...
    "[" ...
    
	at org.apache.velocity.runtime.parser.Parser.generateParseException(Parser.java:3679)
	at org.apache.velocity.runtime.parser.Parser.jj_consume_token(Parser.java:3558)
	at org.apache.velocity.runtime.parser.Parser.PrimaryExpression(Parser.java:2644)
	at org.apache.velocity.runtime.parser.Parser.UnaryExpression(Parser.java:2586)
	at org.apache.velocity.runtime.parser.Parser.MultiplicativeExpression(Parser.java:2435)
	at org.apache.velocity.runtime.parser.Parser.AdditiveExpression(Parser.java:2359)
	at org.apache.velocity.runtime.parser.Parser.RelationalExpression(Parser.java:2227)
	at org.apache.velocity.runtime.parser.Parser.EqualityExpression(Parser.java:2151)
	at org.apache.velocity.runtime.parser.Parser.ConditionalAndExpression(Parser.java:2111)
	at org.apache.velocity.runtime.parser.Parser.ConditionalOrExpression(Parser.java:2071)
	at org.apache.velocity.runtime.parser.Parser.Expression(Parser.java:2018)
	at org.apache.velocity.runtime.parser.Parser.SetDirective(Parser.java:1971)
	at org.apache.velocity.runtime.parser.Parser.Statement(Parser.java:369)
	at org.apache.velocity.runtime.parser.Parser.ElseStatement(Parser.java:1804)
	at org.apache.velocity.runtime.parser.Parser.IfStatement(Parser.java:1734)
	at org.apache.velocity.runtime.parser.Parser.Statement(Parser.java:352)
	at org.apache.velocity.runtime.parser.Parser.Directive(Parser.java:918)
	at org.apache.velocity.runtime.parser.Parser.Statement(Parser.java:379)
	at org.apache.velocity.runtime.parser.Parser.process(Parser.java:317)
	at org.apache.velocity.runtime.parser.Parser.parse(Parser.java:117)
	at org.apache.velocity.runtime.RuntimeInstance.parse(RuntimeInstance.java:1226)
	at org.apache.velocity.runtime.RuntimeInstance.parse(RuntimeInstance.java:1181)
	at org.apache.velocity.runtime.RuntimeInstance.evaluate(RuntimeInstance.java:1297)
	at org.apache.velocity.app.Velocity.evaluate(Velocity.java:254)
	at org.richie.codeGen.core.velocity.CodeGen.genCode(CodeGen.java:103)
	at org.richie.codeGen.ui.GenAndPreviewUI.previewCode(GenAndPreviewUI.java:268)
	at org.richie.codeGen.ui.GenAndPreviewUI$3.mouseClicked(GenAndPreviewUI.java:651)
	at java.awt.AWTEventMulticaster.mouseClicked(AWTEventMulticaster.java:253)
	at java.awt.AWTEventMulticaster.mouseClicked(AWTEventMulticaster.java:252)
	at java.awt.Component.processMouseEvent(Component.java:6044)
	at javax.swing.JComponent.processMouseEvent(JComponent.java:3265)
	at java.awt.Component.processEvent(Component.java:5806)
	at java.awt.Container.processEvent(Container.java:2058)
	at java.awt.Component.dispatchEventImpl(Component.java:4413)
	at java.awt.Container.dispatchEventImpl(Container.java:2116)
	at java.awt.Component.dispatchEvent(Component.java:4243)
	at java.awt.LightweightDispatcher.retargetMouseEvent(Container.java:4322)
	at java.awt.LightweightDispatcher.processMouseEvent(Container.java:3995)
	at java.awt.LightweightDispatcher.dispatchEvent(Container.java:3916)
	at java.awt.Container.dispatchEventImpl(Container.java:2102)
	at java.awt.Window.dispatchEventImpl(Window.java:2440)
	at java.awt.Component.dispatchEvent(Component.java:4243)
	at java.awt.EventQueue.dispatchEvent(EventQueue.java:599)
	at java.awt.EventDispatchThread.pumpOneEventForFilters(EventDispatchThread.java:273)
	at java.awt.EventDispatchThread.pumpEventsForFilter(EventDispatchThread.java:183)
	at java.awt.EventDispatchThread.pumpEventsForHierarchy(EventDispatchThread.java:173)
	at java.awt.EventDispatchThread.pumpEvents(EventDispatchThread.java:168)
	at java.awt.EventDispatchThread.pumpEvents(EventDispatchThread.java:160)
	at java.awt.EventDispatchThread.run(EventDispatchThread.java:121)
2013-08-04 13:00:06,071 - Parser Exception: 
org.apache.velocity.runtime.parser.ParseException: Encountered "a" at line 90, column 24.
Was expecting one of:
    "[" ...
    "{" ...
    "(" ...
    <STRING_LITERAL> ...
    "true" ...
    "false" ...
    <INTEGER_LITERAL> ...
    <FLOATING_POINT_LITERAL> ...
    <IDENTIFIER> ...
    "{" ...
    "[" ...
    
	at org.apache.velocity.runtime.parser.Parser.generateParseException(Parser.java:3679)
	at org.apache.velocity.runtime.parser.Parser.jj_consume_token(Parser.java:3558)
	at org.apache.velocity.runtime.parser.Parser.PrimaryExpression(Parser.java:2644)
	at org.apache.velocity.runtime.parser.Parser.UnaryExpression(Parser.java:2586)
	at org.apache.velocity.runtime.parser.Parser.MultiplicativeExpression(Parser.java:2435)
	at org.apache.velocity.runtime.parser.Parser.AdditiveExpression(Parser.java:2359)
	at org.apache.velocity.runtime.parser.Parser.RelationalExpression(Parser.java:2227)
	at org.apache.velocity.runtime.parser.Parser.EqualityExpression(Parser.java:2151)
	at org.apache.velocity.runtime.parser.Parser.ConditionalAndExpression(Parser.java:2111)
	at org.apache.velocity.runtime.parser.Parser.ConditionalOrExpression(Parser.java:2071)
	at org.apache.velocity.runtime.parser.Parser.Expression(Parser.java:2018)
	at org.apache.velocity.runtime.parser.Parser.SetDirective(Parser.java:1971)
	at org.apache.velocity.runtime.parser.Parser.Statement(Parser.java:369)
	at org.apache.velocity.runtime.parser.Parser.IfStatement(Parser.java:1692)
	at org.apache.velocity.runtime.parser.Parser.Statement(Parser.java:352)
	at org.apache.velocity.runtime.parser.Parser.Directive(Parser.java:918)
	at org.apache.velocity.runtime.parser.Parser.Statement(Parser.java:379)
	at org.apache.velocity.runtime.parser.Parser.process(Parser.java:317)
	at org.apache.velocity.runtime.parser.Parser.parse(Parser.java:117)
	at org.apache.velocity.runtime.RuntimeInstance.parse(RuntimeInstance.java:1226)
	at org.apache.velocity.runtime.RuntimeInstance.parse(RuntimeInstance.java:1181)
	at org.apache.velocity.runtime.RuntimeInstance.evaluate(RuntimeInstance.java:1297)
	at org.apache.velocity.app.Velocity.evaluate(Velocity.java:254)
	at org.richie.codeGen.core.velocity.CodeGen.genCode(CodeGen.java:103)
	at org.richie.codeGen.ui.GenAndPreviewUI.previewCode(GenAndPreviewUI.java:268)
	at org.richie.codeGen.ui.GenAndPreviewUI$3.mouseClicked(GenAndPreviewUI.java:651)
	at java.awt.AWTEventMulticaster.mouseClicked(AWTEventMulticaster.java:253)
	at java.awt.AWTEventMulticaster.mouseClicked(AWTEventMulticaster.java:252)
	at java.awt.Component.processMouseEvent(Component.java:6044)
	at javax.swing.JComponent.processMouseEvent(JComponent.java:3265)
	at java.awt.Component.processEvent(Component.java:5806)
	at java.awt.Container.processEvent(Container.java:2058)
	at java.awt.Component.dispatchEventImpl(Component.java:4413)
	at java.awt.Container.dispatchEventImpl(Container.java:2116)
	at java.awt.Component.dispatchEvent(Component.java:4243)
	at java.awt.LightweightDispatcher.retargetMouseEvent(Container.java:4322)
	at java.awt.LightweightDispatcher.processMouseEvent(Container.java:3995)
	at java.awt.LightweightDispatcher.dispatchEvent(Container.java:3916)
	at java.awt.Container.dispatchEventImpl(Container.java:2102)
	at java.awt.Window.dispatchEventImpl(Window.java:2440)
	at java.awt.Component.dispatchEvent(Component.java:4243)
	at java.awt.EventQueue.dispatchEvent(EventQueue.java:599)
	at java.awt.EventDispatchThread.pumpOneEventForFilters(EventDispatchThread.java:273)
	at java.awt.EventDispatchThread.pumpEventsForFilter(EventDispatchThread.java:183)
	at java.awt.EventDispatchThread.pumpEventsForHierarchy(EventDispatchThread.java:173)
	at java.awt.EventDispatchThread.pumpEvents(EventDispatchThread.java:168)
	at java.awt.EventDispatchThread.pumpEvents(EventDispatchThread.java:160)
	at java.awt.EventDispatchThread.run(EventDispatchThread.java:121)
2013-08-04 13:00:29,868 - Parser Exception: 
org.apache.velocity.runtime.parser.ParseException: Encountered "a" at line 92, column 24.
Was expecting one of:
    "[" ...
    "{" ...
    "(" ...
    <STRING_LITERAL> ...
    "true" ...
    "false" ...
    <INTEGER_LITERAL> ...
    <FLOATING_POINT_LITERAL> ...
    <IDENTIFIER> ...
    "{" ...
    "[" ...
    
	at org.apache.velocity.runtime.parser.Parser.generateParseException(Parser.java:3679)
	at org.apache.velocity.runtime.parser.Parser.jj_consume_token(Parser.java:3558)
	at org.apache.velocity.runtime.parser.Parser.PrimaryExpression(Parser.java:2644)
	at org.apache.velocity.runtime.parser.Parser.UnaryExpression(Parser.java:2586)
	at org.apache.velocity.runtime.parser.Parser.MultiplicativeExpression(Parser.java:2435)
	at org.apache.velocity.runtime.parser.Parser.AdditiveExpression(Parser.java:2359)
	at org.apache.velocity.runtime.parser.Parser.RelationalExpression(Parser.java:2227)
	at org.apache.velocity.runtime.parser.Parser.EqualityExpression(Parser.java:2151)
	at org.apache.velocity.runtime.parser.Parser.ConditionalAndExpression(Parser.java:2111)
	at org.apache.velocity.runtime.parser.Parser.ConditionalOrExpression(Parser.java:2071)
	at org.apache.velocity.runtime.parser.Parser.Expression(Parser.java:2018)
	at org.apache.velocity.runtime.parser.Parser.SetDirective(Parser.java:1971)
	at org.apache.velocity.runtime.parser.Parser.Statement(Parser.java:369)
	at org.apache.velocity.runtime.parser.Parser.ElseStatement(Parser.java:1804)
	at org.apache.velocity.runtime.parser.Parser.IfStatement(Parser.java:1734)
	at org.apache.velocity.runtime.parser.Parser.Statement(Parser.java:352)
	at org.apache.velocity.runtime.parser.Parser.Directive(Parser.java:918)
	at org.apache.velocity.runtime.parser.Parser.Statement(Parser.java:379)
	at org.apache.velocity.runtime.parser.Parser.process(Parser.java:317)
	at org.apache.velocity.runtime.parser.Parser.parse(Parser.java:117)
	at org.apache.velocity.runtime.RuntimeInstance.parse(RuntimeInstance.java:1226)
	at org.apache.velocity.runtime.RuntimeInstance.parse(RuntimeInstance.java:1181)
	at org.apache.velocity.runtime.RuntimeInstance.evaluate(RuntimeInstance.java:1297)
	at org.apache.velocity.app.Velocity.evaluate(Velocity.java:254)
	at org.richie.codeGen.core.velocity.CodeGen.genCode(CodeGen.java:103)
	at org.richie.codeGen.ui.GenAndPreviewUI.previewCode(GenAndPreviewUI.java:268)
	at org.richie.codeGen.ui.GenAndPreviewUI$3.mouseClicked(GenAndPreviewUI.java:651)
	at java.awt.AWTEventMulticaster.mouseClicked(AWTEventMulticaster.java:253)
	at java.awt.AWTEventMulticaster.mouseClicked(AWTEventMulticaster.java:252)
	at java.awt.Component.processMouseEvent(Component.java:6044)
	at javax.swing.JComponent.processMouseEvent(JComponent.java:3265)
	at java.awt.Component.processEvent(Component.java:5806)
	at java.awt.Container.processEvent(Container.java:2058)
	at java.awt.Component.dispatchEventImpl(Component.java:4413)
	at java.awt.Container.dispatchEventImpl(Container.java:2116)
	at java.awt.Component.dispatchEvent(Component.java:4243)
	at java.awt.LightweightDispatcher.retargetMouseEvent(Container.java:4322)
	at java.awt.LightweightDispatcher.processMouseEvent(Container.java:3995)
	at java.awt.LightweightDispatcher.dispatchEvent(Container.java:3916)
	at java.awt.Container.dispatchEventImpl(Container.java:2102)
	at java.awt.Window.dispatchEventImpl(Window.java:2440)
	at java.awt.Component.dispatchEvent(Component.java:4243)
	at java.awt.EventQueue.dispatchEvent(EventQueue.java:599)
	at java.awt.EventDispatchThread.pumpOneEventForFilters(EventDispatchThread.java:273)
	at java.awt.EventDispatchThread.pumpEventsForFilter(EventDispatchThread.java:183)
	at java.awt.EventDispatchThread.pumpEventsForHierarchy(EventDispatchThread.java:173)
	at java.awt.EventDispatchThread.pumpEvents(EventDispatchThread.java:168)
	at java.awt.EventDispatchThread.pumpEvents(EventDispatchThread.java:160)
	at java.awt.EventDispatchThread.run(EventDispatchThread.java:121)
2013-08-04 13:00:45,058 - Null reference [template '', line 161, column 16] : ${sql} cannot be resolved.
2013-08-04 13:00:45,058 - Null reference [template '', line 167, column 18] : ${sql} cannot be resolved.
2013-08-04 13:00:45,058 - Null reference [template '', line 172, column 18] : ${sql} cannot be resolved.
2013-08-04 13:03:02,027 - Null reference [template '', line 161, column 16] : ${sql} cannot be resolved.
2013-08-04 13:03:02,027 - Null reference [template '', line 167, column 18] : ${sql} cannot be resolved.
2013-08-04 13:03:02,027 - Null reference [template '', line 172, column 18] : ${sql} cannot be resolved.
2013-08-04 13:13:05,998 - Null reference [template '', line 177, column 16] : ${sql} cannot be resolved.
2013-08-04 13:13:05,998 - Null reference [template '', line 183, column 18] : ${sql} cannot be resolved.
2013-08-04 13:13:05,998 - Null reference [template '', line 188, column 18] : ${sql} cannot be resolved.
2013-08-04 13:13:36,780 - Null reference [template '', line 177, column 16] : ${sql} cannot be resolved.
2013-08-04 13:13:36,780 - Null reference [template '', line 183, column 18] : ${sql} cannot be resolved.
2013-08-04 13:13:36,780 - Null reference [template '', line 188, column 18] : ${sql} cannot be resolved.
2013-08-04 13:15:16,925 - Null reference [template '', line 177, column 16] : ${sql} cannot be resolved.
2013-08-04 13:15:16,925 - Null reference [template '', line 183, column 18] : ${sql} cannot be resolved.
2013-08-04 13:15:16,925 - Null reference [template '', line 188, column 18] : ${sql} cannot be resolved.
2013-08-04 13:18:24,600 - Null reference [template '', line 178, column 16] : ${sql} cannot be resolved.
2013-08-04 13:18:24,600 - Null reference [template '', line 184, column 18] : ${sql} cannot be resolved.
2013-08-04 13:18:24,600 - Null reference [template '', line 189, column 18] : ${sql} cannot be resolved.
2013-08-04 13:19:04,600 - Null reference [template '', line 178, column 16] : ${sql} cannot be resolved.
2013-08-04 13:19:04,601 - Null reference [template '', line 184, column 18] : ${sql} cannot be resolved.
2013-08-04 13:19:04,601 - Null reference [template '', line 189, column 18] : ${sql} cannot be resolved.
2013-08-04 13:20:46,900 - Null reference [template '', line 177, column 16] : ${sql} cannot be resolved.
2013-08-04 13:20:46,900 - Null reference [template '', line 183, column 18] : ${sql} cannot be resolved.
2013-08-04 13:20:46,900 - Null reference [template '', line 188, column 18] : ${sql} cannot be resolved.
2013-08-04 13:26:28,855 - Null reference [template '', line 177, column 16] : ${sql} cannot be resolved.
2013-08-04 13:26:28,855 - Null reference [template '', line 183, column 18] : ${sql} cannot be resolved.
2013-08-04 13:26:28,855 - Null reference [template '', line 188, column 18] : ${sql} cannot be resolved.
2013-08-04 13:33:11,169 - Null reference [template '', line 177, column 16] : ${sql} cannot be resolved.
2013-08-04 13:33:11,169 - Null reference [template '', line 183, column 18] : ${sql} cannot be resolved.
2013-08-04 13:33:11,169 - Null reference [template '', line 188, column 18] : ${sql} cannot be resolved.
2013-08-04 13:33:16,352 - Null reference [template '', line 177, column 16] : ${sql} cannot be resolved.
2013-08-04 13:33:16,353 - Null reference [template '', line 183, column 18] : ${sql} cannot be resolved.
2013-08-04 13:33:16,353 - Null reference [template '', line 188, column 18] : ${sql} cannot be resolved.
2013-08-04 13:33:41,517 - Null reference [template '', line 176, column 16] : ${sql} cannot be resolved.
2013-08-04 13:33:41,517 - Null reference [template '', line 182, column 18] : ${sql} cannot be resolved.
2013-08-04 13:33:41,517 - Null reference [template '', line 187, column 18] : ${sql} cannot be resolved.
2013-08-04 13:35:23,321 - Null reference [template '', line 176, column 16] : ${sql} cannot be resolved.
2013-08-04 13:35:23,321 - Null reference [template '', line 182, column 18] : ${sql} cannot be resolved.
2013-08-04 13:35:23,321 - Null reference [template '', line 187, column 18] : ${sql} cannot be resolved.
2013-08-04 13:35:28,329 - Null reference [template '', line 176, column 16] : ${sql} cannot be resolved.
2013-08-04 13:35:28,329 - Null reference [template '', line 182, column 18] : ${sql} cannot be resolved.
2013-08-04 13:35:28,329 - Null reference [template '', line 187, column 18] : ${sql} cannot be resolved.
2013-08-04 13:36:04,454 - Null reference [template '', line 176, column 16] : ${sql} cannot be resolved.
2013-08-04 13:36:04,455 - Null reference [template '', line 182, column 18] : ${sql} cannot be resolved.
2013-08-04 13:36:04,455 - Null reference [template '', line 187, column 18] : ${sql} cannot be resolved.
2013-08-04 13:36:18,346 - Null reference [template '', line 176, column 16] : ${sql} cannot be resolved.
2013-08-04 13:36:18,346 - Null reference [template '', line 182, column 18] : ${sql} cannot be resolved.
2013-08-04 13:36:18,346 - Null reference [template '', line 187, column 18] : ${sql} cannot be resolved.
2013-08-04 13:44:21,885 - Null reference [template '', line 176, column 16] : ${sql} cannot be resolved.
2013-08-04 13:44:21,885 - Null reference [template '', line 182, column 18] : ${sql} cannot be resolved.
2013-08-04 13:44:21,885 - Null reference [template '', line 187, column 18] : ${sql} cannot be resolved.
2013-08-04 13:44:36,318 - Null reference [template '', line 176, column 16] : ${sql} cannot be resolved.
2013-08-04 13:44:36,318 - Null reference [template '', line 182, column 18] : ${sql} cannot be resolved.
2013-08-04 13:44:36,318 - Null reference [template '', line 187, column 18] : ${sql} cannot be resolved.
2013-08-04 13:57:44,706 - Parser Exception: 
org.apache.velocity.runtime.parser.ParseException: Encountered "Mapper" at line 4, column 31.
Was expecting one of:
    <RPAREN> ...
    <WHITESPACE> ...
    "-" ...
    "+" ...
    "*" ...
    "/" ...
    "%" ...
    <LOGICAL_AND> ...
    <LOGICAL_OR> ...
    <LOGICAL_LT> ...
    <LOGICAL_LE> ...
    <LOGICAL_GT> ...
    <LOGICAL_GE> ...
    <LOGICAL_EQUALS> ...
    <LOGICAL_NOT_EQUALS> ...
    
	at org.apache.velocity.runtime.parser.Parser.generateParseException(Parser.java:3679)
	at org.apache.velocity.runtime.parser.Parser.jj_consume_token(Parser.java:3558)
	at org.apache.velocity.runtime.parser.Parser.SetDirective(Parser.java:1972)
	at org.apache.velocity.runtime.parser.Parser.Statement(Parser.java:369)
	at org.apache.velocity.runtime.parser.Parser.process(Parser.java:317)
	at org.apache.velocity.runtime.parser.Parser.parse(Parser.java:117)
	at org.apache.velocity.runtime.RuntimeInstance.parse(RuntimeInstance.java:1226)
	at org.apache.velocity.runtime.RuntimeInstance.parse(RuntimeInstance.java:1181)
	at org.apache.velocity.runtime.RuntimeInstance.evaluate(RuntimeInstance.java:1297)
	at org.apache.velocity.app.Velocity.evaluate(Velocity.java:254)
	at org.richie.codeGen.core.velocity.CodeGen.genCode(CodeGen.java:103)
	at org.richie.codeGen.ui.GenAndPreviewUI.previewCode(GenAndPreviewUI.java:268)
	at org.richie.codeGen.ui.GenAndPreviewUI$3.mouseClicked(GenAndPreviewUI.java:651)
	at java.awt.AWTEventMulticaster.mouseClicked(AWTEventMulticaster.java:253)
	at java.awt.AWTEventMulticaster.mouseClicked(AWTEventMulticaster.java:252)
	at java.awt.Component.processMouseEvent(Component.java:6044)
	at javax.swing.JComponent.processMouseEvent(JComponent.java:3265)
	at java.awt.Component.processEvent(Component.java:5806)
	at java.awt.Container.processEvent(Container.java:2058)
	at java.awt.Component.dispatchEventImpl(Component.java:4413)
	at java.awt.Container.dispatchEventImpl(Container.java:2116)
	at java.awt.Component.dispatchEvent(Component.java:4243)
	at java.awt.LightweightDispatcher.retargetMouseEvent(Container.java:4322)
	at java.awt.LightweightDispatcher.processMouseEvent(Container.java:3995)
	at java.awt.LightweightDispatcher.dispatchEvent(Container.java:3916)
	at java.awt.Container.dispatchEventImpl(Container.java:2102)
	at java.awt.Window.dispatchEventImpl(Window.java:2440)
	at java.awt.Component.dispatchEvent(Component.java:4243)
	at java.awt.EventQueue.dispatchEvent(EventQueue.java:599)
	at java.awt.EventDispatchThread.pumpOneEventForFilters(EventDispatchThread.java:273)
	at java.awt.EventDispatchThread.pumpEventsForFilter(EventDispatchThread.java:183)
	at java.awt.EventDispatchThread.pumpEventsForHierarchy(EventDispatchThread.java:173)
	at java.awt.EventDispatchThread.pumpEvents(EventDispatchThread.java:168)
	at java.awt.EventDispatchThread.pumpEvents(EventDispatchThread.java:160)
	at java.awt.EventDispatchThread.run(EventDispatchThread.java:121)
2013-08-04 13:58:11,370 - Null reference [template '', line 26, column 44] : $mapperCode.getByPrimaryKey(1) cannot be resolved.
2013-08-04 13:58:45,894 - Null reference [template '', line 176, column 16] : ${sql} cannot be resolved.
2013-08-04 13:58:45,894 - Null reference [template '', line 182, column 18] : ${sql} cannot be resolved.
2013-08-04 13:58:45,894 - Null reference [template '', line 187, column 18] : ${sql} cannot be resolved.
2013-08-04 13:58:45,967 - Null reference [template '', line 26, column 44] : $mapperCode.getByPrimaryKey(1) cannot be resolved.
2013-08-04 13:59:43,079 - Log4JLogChute initialized using file 'velocity.log'
2013-08-04 13:59:43,079 - The version of log4j being used does not support the "trace" level.
2013-08-04 13:59:43,079 - Initializing Velocity, Calling init()...
2013-08-04 13:59:43,079 - *******************************************************************
2013-08-04 13:59:43,079 - Starting Apache Velocity v1.7 (compiled: 2010-11-19 12:14:37)
2013-08-04 13:59:43,079 - RuntimeInstance initializing.
2013-08-04 13:59:43,079 - Default Properties File: org\apache\velocity\runtime\defaults\velocity.properties
2013-08-04 13:59:43,079 - Trying to use logger class org.apache.velocity.runtime.log.AvalonLogChute
2013-08-04 13:59:43,079 - Target log system for org.apache.velocity.runtime.log.AvalonLogChute is not available (java.lang.NoClassDefFoundError: org/apache/log/format/Formatter).  Falling back to next log system...
2013-08-04 13:59:43,079 - Trying to use logger class org.apache.velocity.runtime.log.Log4JLogChute
2013-08-04 13:59:43,079 - Using logger class org.apache.velocity.runtime.log.Log4JLogChute
2013-08-04 13:59:43,082 - Default ResourceManager initializing. (class org.apache.velocity.runtime.resource.ResourceManagerImpl)
2013-08-04 13:59:43,138 - ResourceLoader instantiated: org.apache.velocity.runtime.resource.loader.ClasspathResourceLoader
2013-08-04 13:59:43,139 - ClasspathResourceLoader : initialization complete.
2013-08-04 13:59:43,164 - ResourceCache: initialized (class org.apache.velocity.runtime.resource.ResourceCacheImpl) with class java.util.Collections$SynchronizedMap cache map.
2013-08-04 13:59:43,164 - Default ResourceManager initialization complete.
2013-08-04 13:59:43,165 - Loaded System Directive: org.apache.velocity.runtime.directive.Stop
2013-08-04 13:59:43,167 - Loaded System Directive: org.apache.velocity.runtime.directive.Define
2013-08-04 13:59:43,168 - Loaded System Directive: org.apache.velocity.runtime.directive.Break
2013-08-04 13:59:43,169 - Loaded System Directive: org.apache.velocity.runtime.directive.Evaluate
2013-08-04 13:59:43,170 - Loaded System Directive: org.apache.velocity.runtime.directive.Literal
2013-08-04 13:59:43,172 - Loaded System Directive: org.apache.velocity.runtime.directive.Macro
2013-08-04 13:59:43,173 - Loaded System Directive: org.apache.velocity.runtime.directive.Parse
2013-08-04 13:59:43,175 - Loaded System Directive: org.apache.velocity.runtime.directive.Include
2013-08-04 13:59:43,176 - Loaded System Directive: org.apache.velocity.runtime.directive.Foreach
2013-08-04 13:59:43,250 - Created '20' parsers.
2013-08-04 13:59:43,256 - Velocimacro : initialization starting.
2013-08-04 13:59:43,256 - Velocimacro : "velocimacro.library" is not set.  Trying default library: VM_global_library.vm
2013-08-04 13:59:43,257 - Could not load resource 'VM_global_library.vm' from ResourceLoader org.apache.velocity.runtime.resource.loader.ClasspathResourceLoader: ClasspathResourceLoader Error: cannot find resource VM_global_library.vm
2013-08-04 13:59:43,257 - Velocimacro : Default library not found.
2013-08-04 13:59:43,257 - Velocimacro : allowInline = true : VMs can be defined inline in templates
2013-08-04 13:59:43,257 - Velocimacro : allowInlineToOverride = false : VMs defined inline may NOT replace previous VM definitions
2013-08-04 13:59:43,257 - Velocimacro : allowInlineLocal = false : VMs defined inline will be global in scope if allowed.
2013-08-04 13:59:43,257 - Velocimacro : autoload off : VM system will not automatically reload global library macros
2013-08-04 13:59:43,257 - Velocimacro : Velocimacro : initialization complete.
2013-08-04 13:59:43,257 - RuntimeInstance successfully initialized.
2013-08-04 13:59:43,337 - Null reference [template '', line 26, column 44] : $mapperCode.getByPrimaryKey(1) cannot be resolved.
2013-08-04 13:59:48,576 - Null reference [template '', line 176, column 16] : ${sql} cannot be resolved.
2013-08-04 13:59:48,576 - Null reference [template '', line 182, column 18] : ${sql} cannot be resolved.
2013-08-04 13:59:48,576 - Null reference [template '', line 187, column 18] : ${sql} cannot be resolved.
2013-08-04 13:59:48,630 - Null reference [template '', line 26, column 44] : $mapperCode.getByPrimaryKey(1) cannot be resolved.
2013-08-04 13:59:54,250 - Null reference [template '', line 26, column 44] : $mapperCode.getByPrimaryKey(1) cannot be resolved.
2013-08-04 14:19:09,525 - Null reference [template '', line 176, column 16] : ${sql} cannot be resolved.
2013-08-04 14:19:09,525 - Null reference [template '', line 182, column 18] : ${sql} cannot be resolved.
2013-08-04 14:19:09,525 - Null reference [template '', line 187, column 18] : ${sql} cannot be resolved.
2013-08-04 14:42:46,974 - Null reference [template '', line 176, column 16] : ${sql} cannot be resolved.
2013-08-04 14:42:46,975 - Null reference [template '', line 182, column 18] : ${sql} cannot be resolved.
2013-08-04 14:42:46,975 - Null reference [template '', line 187, column 18] : ${sql} cannot be resolved.
2013-08-04 14:42:57,034 - Null reference [template '', line 176, column 16] : ${sql} cannot be resolved.
2013-08-04 14:42:57,034 - Null reference [template '', line 182, column 18] : ${sql} cannot be resolved.
2013-08-04 14:42:57,034 - Null reference [template '', line 187, column 18] : ${sql} cannot be resolved.
2013-08-04 14:47:52,652 - Null reference [template '', line 176, column 16] : ${sql} cannot be resolved.
2013-08-04 14:47:52,652 - Null reference [template '', line 182, column 18] : ${sql} cannot be resolved.
2013-08-04 14:47:52,652 - Null reference [template '', line 187, column 18] : ${sql} cannot be resolved.
2013-08-04 14:51:00,172 - Null reference [template '', line 176, column 16] : ${sql} cannot be resolved.
2013-08-04 14:51:00,173 - Null reference [template '', line 182, column 18] : ${sql} cannot be resolved.
2013-08-04 14:51:00,173 - Null reference [template '', line 187, column 18] : ${sql} cannot be resolved.
2013-08-04 14:59:20,077 - Null reference [template '', line 176, column 16] : ${sql} cannot be resolved.
2013-08-04 14:59:20,077 - Null reference [template '', line 182, column 18] : ${sql} cannot be resolved.
2013-08-04 14:59:20,077 - Null reference [template '', line 187, column 18] : ${sql} cannot be resolved.
2013-08-04 15:03:31,397 - Null reference [template '', line 176, column 16] : ${sql} cannot be resolved.
2013-08-04 15:03:31,397 - Null reference [template '', line 182, column 18] : ${sql} cannot be resolved.
2013-08-04 15:03:31,397 - Null reference [template '', line 187, column 18] : ${sql} cannot be resolved.
2013-08-04 15:34:29,860 - Null reference [template '', line 182, column 16] : ${sql} cannot be resolved.
2013-08-04 15:34:29,860 - Null reference [template '', line 188, column 18] : ${sql} cannot be resolved.
2013-08-04 15:34:29,860 - Null reference [template '', line 193, column 18] : ${sql} cannot be resolved.
2013-08-04 15:35:30,912 - Null reference [template '', line 182, column 16] : ${sql} cannot be resolved.
2013-08-04 15:35:30,912 - Null reference [template '', line 188, column 18] : ${sql} cannot be resolved.
2013-08-04 15:35:30,912 - Null reference [template '', line 193, column 18] : ${sql} cannot be resolved.
2013-08-04 15:35:35,808 - Null reference [template '', line 182, column 16] : ${sql} cannot be resolved.
2013-08-04 15:35:35,809 - Null reference [template '', line 188, column 18] : ${sql} cannot be resolved.
2013-08-04 15:35:35,809 - Null reference [template '', line 193, column 18] : ${sql} cannot be resolved.
2013-08-04 15:36:08,274 - Null reference [template '', line 182, column 16] : ${sql} cannot be resolved.
2013-08-04 15:36:08,274 - Null reference [template '', line 188, column 18] : ${sql} cannot be resolved.
2013-08-04 15:36:08,274 - Null reference [template '', line 193, column 18] : ${sql} cannot be resolved.
2013-08-04 15:37:03,450 - Null reference [template '', line 182, column 16] : ${sql} cannot be resolved.
2013-08-04 15:37:03,450 - Null reference [template '', line 188, column 18] : ${sql} cannot be resolved.
2013-08-04 15:37:03,450 - Null reference [template '', line 193, column 18] : ${sql} cannot be resolved.
2013-08-04 15:37:55,482 - Null reference [template '', line 182, column 16] : ${sql} cannot be resolved.
2013-08-04 15:37:55,482 - Null reference [template '', line 188, column 18] : ${sql} cannot be resolved.
2013-08-04 15:37:55,482 - Null reference [template '', line 193, column 18] : ${sql} cannot be resolved.
2013-08-04 15:38:45,210 - Null reference [template '', line 182, column 16] : ${sql} cannot be resolved.
2013-08-04 15:38:45,210 - Null reference [template '', line 188, column 18] : ${sql} cannot be resolved.
2013-08-04 15:38:45,210 - Null reference [template '', line 193, column 18] : ${sql} cannot be resolved.
2013-08-04 15:39:52,267 - Null reference [template '', line 182, column 16] : ${sql} cannot be resolved.
2013-08-04 15:39:52,267 - Null reference [template '', line 188, column 18] : ${sql} cannot be resolved.
2013-08-04 15:39:52,267 - Null reference [template '', line 193, column 18] : ${sql} cannot be resolved.
2013-08-04 15:43:36,570 - Null reference [template '', line 182, column 16] : ${sql} cannot be resolved.
2013-08-04 15:43:36,571 - Null reference [template '', line 188, column 18] : ${sql} cannot be resolved.
2013-08-04 15:43:36,571 - Null reference [template '', line 193, column 18] : ${sql} cannot be resolved.
2013-08-04 15:44:04,251 - Null reference [template '', line 182, column 16] : ${sql} cannot be resolved.
2013-08-04 15:44:04,251 - Null reference [template '', line 188, column 18] : ${sql} cannot be resolved.
2013-08-04 15:44:04,251 - Null reference [template '', line 193, column 18] : ${sql} cannot be resolved.
2013-08-04 16:36:48,417 - Null reference [template '', line 183, column 16] : ${sql} cannot be resolved.
2013-08-04 16:36:48,417 - Null reference [template '', line 189, column 18] : ${sql} cannot be resolved.
2013-08-04 16:36:48,418 - Null reference [template '', line 194, column 18] : ${sql} cannot be resolved.
2013-08-04 16:37:03,986 - Null reference [template '', line 183, column 16] : ${sql} cannot be resolved.
2013-08-04 16:37:03,986 - Null reference [template '', line 189, column 18] : ${sql} cannot be resolved.
2013-08-04 16:37:03,986 - Null reference [template '', line 194, column 18] : ${sql} cannot be resolved.
2013-08-04 16:44:56,561 - Null reference [template '', line 185, column 16] : ${sql} cannot be resolved.
2013-08-04 16:44:56,562 - Null reference [template '', line 191, column 18] : ${sql} cannot be resolved.
2013-08-04 16:44:56,562 - Null reference [template '', line 196, column 18] : ${sql} cannot be resolved.
2013-08-04 16:46:01,969 - Null reference [template '', line 185, column 16] : ${sql} cannot be resolved.
2013-08-04 16:46:01,969 - Null reference [template '', line 191, column 18] : ${sql} cannot be resolved.
2013-08-04 16:46:01,970 - Null reference [template '', line 196, column 18] : ${sql} cannot be resolved.
2013-08-04 16:46:12,290 - Null reference [template '', line 185, column 16] : ${sql} cannot be resolved.
2013-08-04 16:46:12,290 - Null reference [template '', line 191, column 18] : ${sql} cannot be resolved.
2013-08-04 16:46:12,291 - Null reference [template '', line 196, column 18] : ${sql} cannot be resolved.
2013-08-04 16:46:27,356 - Null reference [template '', line 185, column 16] : ${sql} cannot be resolved.
2013-08-04 16:46:27,357 - Null reference [template '', line 191, column 18] : ${sql} cannot be resolved.
2013-08-04 16:46:27,357 - Null reference [template '', line 196, column 18] : ${sql} cannot be resolved.
2013-08-04 16:46:49,019 - Null reference [template '', line 185, column 16] : ${sql} cannot be resolved.
2013-08-04 16:46:49,019 - Null reference [template '', line 191, column 18] : ${sql} cannot be resolved.
2013-08-04 16:46:49,019 - Null reference [template '', line 196, column 18] : ${sql} cannot be resolved.
2013-08-04 20:02:35,153 - Parser Exception: 
org.apache.velocity.runtime.parser.ParseException: Encountered "#end\n" at line 26, column 1.
Was expecting one of:
    <EOF> 
    "(" ...
    <RPAREN> ...
    <ESCAPE_DIRECTIVE> ...
    <SET_DIRECTIVE> ...
    "##" ...
    "\\\\" ...
    "\\" ...
    <TEXT> ...
    "*#" ...
    "*#" ...
    "]]#" ...
    <STRING_LITERAL> ...
    <IF_DIRECTIVE> ...
    <INTEGER_LITERAL> ...
    <FLOATING_POINT_LITERAL> ...
    <WORD> ...
    <BRACKETED_WORD> ...
    <IDENTIFIER> ...
    <DOT> ...
    "{" ...
    "}" ...
    <EMPTY_INDEX> ...
    
	at org.apache.velocity.runtime.parser.Parser.generateParseException(Parser.java:3679)
	at org.apache.velocity.runtime.parser.Parser.jj_consume_token(Parser.java:3558)
	at org.apache.velocity.runtime.parser.Parser.process(Parser.java:319)
	at org.apache.velocity.runtime.parser.Parser.parse(Parser.java:117)
	at org.apache.velocity.runtime.RuntimeInstance.parse(RuntimeInstance.java:1226)
	at org.apache.velocity.runtime.RuntimeInstance.parse(RuntimeInstance.java:1181)
	at org.apache.velocity.runtime.RuntimeInstance.evaluate(RuntimeInstance.java:1297)
	at org.apache.velocity.app.Velocity.evaluate(Velocity.java:254)
	at org.richie.codeGen.core.velocity.CodeGen.genCode(CodeGen.java:103)
	at org.richie.codeGen.ui.GenAndPreviewUI.previewCode(GenAndPreviewUI.java:268)
	at org.richie.codeGen.ui.GenAndPreviewUI$3.mouseClicked(GenAndPreviewUI.java:651)
	at java.awt.AWTEventMulticaster.mouseClicked(AWTEventMulticaster.java:253)
	at java.awt.AWTEventMulticaster.mouseClicked(AWTEventMulticaster.java:252)
	at java.awt.Component.processMouseEvent(Component.java:6044)
	at javax.swing.JComponent.processMouseEvent(JComponent.java:3265)
	at java.awt.Component.processEvent(Component.java:5806)
	at java.awt.Container.processEvent(Container.java:2058)
	at java.awt.Component.dispatchEventImpl(Component.java:4413)
	at java.awt.Container.dispatchEventImpl(Container.java:2116)
	at java.awt.Component.dispatchEvent(Component.java:4243)
	at java.awt.LightweightDispatcher.retargetMouseEvent(Container.java:4322)
	at java.awt.LightweightDispatcher.processMouseEvent(Container.java:3995)
	at java.awt.LightweightDispatcher.dispatchEvent(Container.java:3916)
	at java.awt.Container.dispatchEventImpl(Container.java:2102)
	at java.awt.Window.dispatchEventImpl(Window.java:2440)
	at java.awt.Component.dispatchEvent(Component.java:4243)
	at java.awt.EventQueue.dispatchEvent(EventQueue.java:599)
	at java.awt.EventDispatchThread.pumpOneEventForFilters(EventDispatchThread.java:273)
	at java.awt.EventDispatchThread.pumpEventsForFilter(EventDispatchThread.java:183)
	at java.awt.EventDispatchThread.pumpEventsForHierarchy(EventDispatchThread.java:173)
	at java.awt.EventDispatchThread.pumpEvents(EventDispatchThread.java:168)
	at java.awt.EventDispatchThread.pumpEvents(EventDispatchThread.java:160)
	at java.awt.EventDispatchThread.run(EventDispatchThread.java:121)
2013-08-04 20:03:07,069 - Null reference [template '', line 18, column 40] : $ccode cannot be resolved.
2013-08-04 20:03:07,069 - Null reference [template '', line 18, column 56] : $f.code cannot be resolved.
2013-08-04 20:03:07,069 - Null reference [template '', line 18, column 89] : ${f.refTable.className} cannot be resolved.
2013-08-04 20:03:07,069 - Null reference [template '', line 22, column 39] : $fcode cannot be resolved.
2013-08-04 20:03:07,069 - Null reference [template '', line 22, column 55] : $cf.code cannot be resolved.
2013-08-04 20:03:07,072 - Null reference [template '', line 185, column 16] : ${sql} cannot be resolved.
2013-08-04 20:03:07,072 - Null reference [template '', line 191, column 18] : ${sql} cannot be resolved.
2013-08-04 20:03:07,072 - Null reference [template '', line 196, column 18] : ${sql} cannot be resolved.
2013-08-04 20:03:30,866 - Null reference [template '', line 185, column 16] : ${sql} cannot be resolved.
2013-08-04 20:03:30,866 - Null reference [template '', line 191, column 18] : ${sql} cannot be resolved.
2013-08-04 20:03:30,866 - Null reference [template '', line 196, column 18] : ${sql} cannot be resolved.
2013-08-04 20:03:51,432 - Null reference [template '', line 185, column 16] : ${sql} cannot be resolved.
2013-08-04 20:03:51,433 - Null reference [template '', line 191, column 18] : ${sql} cannot be resolved.
2013-08-04 20:03:51,433 - Null reference [template '', line 196, column 18] : ${sql} cannot be resolved.
2013-08-04 20:04:27,919 - Null reference [template '', line 172, column 16] : ${sql} cannot be resolved.
2013-08-04 20:04:27,919 - Null reference [template '', line 178, column 18] : ${sql} cannot be resolved.
2013-08-04 20:04:27,920 - Null reference [template '', line 183, column 18] : ${sql} cannot be resolved.
2013-08-04 20:11:40,255 - Null reference [template '', line 172, column 16] : ${sql} cannot be resolved.
2013-08-04 20:11:40,255 - Null reference [template '', line 178, column 18] : ${sql} cannot be resolved.
2013-08-04 20:11:40,255 - Null reference [template '', line 183, column 18] : ${sql} cannot be resolved.
2013-08-04 20:11:40,271 - Null reference [template '', line 172, column 16] : ${sql} cannot be resolved.
2013-08-04 20:11:40,271 - Null reference [template '', line 178, column 18] : ${sql} cannot be resolved.
2013-08-04 20:11:40,271 - Null reference [template '', line 183, column 18] : ${sql} cannot be resolved.
2013-08-05 21:34:53,203 - Log4JLogChute initialized using file 'velocity.log'
2013-08-05 21:34:53,204 - The version of log4j being used does not support the "trace" level.
2013-08-05 21:34:53,204 - Initializing Velocity, Calling init()...
2013-08-05 21:34:53,204 - *******************************************************************
2013-08-05 21:34:53,204 - Starting Apache Velocity v1.7 (compiled: 2010-11-19 12:14:37)
2013-08-05 21:34:53,204 - RuntimeInstance initializing.
2013-08-05 21:34:53,204 - Default Properties File: org\apache\velocity\runtime\defaults\velocity.properties
2013-08-05 21:34:53,204 - Trying to use logger class org.apache.velocity.runtime.log.AvalonLogChute
2013-08-05 21:34:53,204 - Target log system for org.apache.velocity.runtime.log.AvalonLogChute is not available (java.lang.NoClassDefFoundError: org/apache/log/format/Formatter).  Falling back to next log system...
2013-08-05 21:34:53,204 - Trying to use logger class org.apache.velocity.runtime.log.Log4JLogChute
2013-08-05 21:34:53,204 - Using logger class org.apache.velocity.runtime.log.Log4JLogChute
2013-08-05 21:34:53,207 - Default ResourceManager initializing. (class org.apache.velocity.runtime.resource.ResourceManagerImpl)
2013-08-05 21:34:53,210 - ResourceLoader instantiated: org.apache.velocity.runtime.resource.loader.ClasspathResourceLoader
2013-08-05 21:34:53,211 - ClasspathResourceLoader : initialization complete.
2013-08-05 21:34:53,222 - ResourceCache: initialized (class org.apache.velocity.runtime.resource.ResourceCacheImpl) with class java.util.Collections$SynchronizedMap cache map.
2013-08-05 21:34:53,222 - Default ResourceManager initialization complete.
2013-08-05 21:34:53,223 - Loaded System Directive: org.apache.velocity.runtime.directive.Stop
2013-08-05 21:34:53,225 - Loaded System Directive: org.apache.velocity.runtime.directive.Define
2013-08-05 21:34:53,226 - Loaded System Directive: org.apache.velocity.runtime.directive.Break
2013-08-05 21:34:53,227 - Loaded System Directive: org.apache.velocity.runtime.directive.Evaluate
2013-08-05 21:34:53,228 - Loaded System Directive: org.apache.velocity.runtime.directive.Literal
2013-08-05 21:34:53,229 - Loaded System Directive: org.apache.velocity.runtime.directive.Macro
2013-08-05 21:34:53,231 - Loaded System Directive: org.apache.velocity.runtime.directive.Parse
2013-08-05 21:34:53,232 - Loaded System Directive: org.apache.velocity.runtime.directive.Include
2013-08-05 21:34:53,234 - Loaded System Directive: org.apache.velocity.runtime.directive.Foreach
2013-08-05 21:34:53,298 - Created '20' parsers.
2013-08-05 21:34:53,305 - Velocimacro : initialization starting.
2013-08-05 21:34:53,305 - Velocimacro : "velocimacro.library" is not set.  Trying default library: VM_global_library.vm
2013-08-05 21:34:53,361 - Could not load resource 'VM_global_library.vm' from ResourceLoader org.apache.velocity.runtime.resource.loader.ClasspathResourceLoader: ClasspathResourceLoader Error: cannot find resource VM_global_library.vm
2013-08-05 21:34:53,362 - Velocimacro : Default library not found.
2013-08-05 21:34:53,362 - Velocimacro : allowInline = true : VMs can be defined inline in templates
2013-08-05 21:34:53,362 - Velocimacro : allowInlineToOverride = false : VMs defined inline may NOT replace previous VM definitions
2013-08-05 21:34:53,362 - Velocimacro : allowInlineLocal = false : VMs defined inline will be global in scope if allowed.
2013-08-05 21:34:53,362 - Velocimacro : autoload off : VM system will not automatically reload global library macros
2013-08-05 21:34:53,362 - Velocimacro : Velocimacro : initialization complete.
2013-08-05 21:34:53,362 - RuntimeInstance successfully initialized.
2013-08-05 21:34:53,660 - Null reference [template '', line 172, column 16] : ${sql} cannot be resolved.
2013-08-05 21:34:53,660 - Null reference [template '', line 178, column 18] : ${sql} cannot be resolved.
2013-08-05 21:34:53,660 - Null reference [template '', line 183, column 18] : ${sql} cannot be resolved.
2013-08-05 21:35:10,219 - Null reference [template '', line 172, column 16] : ${sql} cannot be resolved.
2013-08-05 21:35:10,219 - Null reference [template '', line 178, column 18] : ${sql} cannot be resolved.
2013-08-05 21:35:10,219 - Null reference [template '', line 183, column 18] : ${sql} cannot be resolved.
2013-08-05 21:35:27,728 - Null reference [template '', line 172, column 16] : ${sql} cannot be resolved.
2013-08-05 21:35:27,729 - Null reference [template '', line 178, column 18] : ${sql} cannot be resolved.
2013-08-05 21:35:27,729 - Null reference [template '', line 183, column 18] : ${sql} cannot be resolved.
2013-08-07 21:19:30,442 - Log4JLogChute initialized using file 'velocity.log'
2013-08-07 21:19:30,453 - The version of log4j being used does not support the "trace" level.
2013-08-07 21:19:30,453 - Initializing Velocity, Calling init()...
2013-08-07 21:19:30,453 - *******************************************************************
2013-08-07 21:19:30,453 - Starting Apache Velocity v1.7 (compiled: 2010-11-19 12:14:37)
2013-08-07 21:19:30,453 - RuntimeInstance initializing.
2013-08-07 21:19:30,454 - Default Properties File: org\apache\velocity\runtime\defaults\velocity.properties
2013-08-07 21:19:30,454 - Trying to use logger class org.apache.velocity.runtime.log.AvalonLogChute
2013-08-07 21:19:30,454 - Target log system for org.apache.velocity.runtime.log.AvalonLogChute is not available (java.lang.NoClassDefFoundError: org/apache/log/format/Formatter).  Falling back to next log system...
2013-08-07 21:19:30,454 - Trying to use logger class org.apache.velocity.runtime.log.Log4JLogChute
2013-08-07 21:19:30,454 - Using logger class org.apache.velocity.runtime.log.Log4JLogChute
2013-08-07 21:19:30,458 - Default ResourceManager initializing. (class org.apache.velocity.runtime.resource.ResourceManagerImpl)
2013-08-07 21:19:30,463 - ResourceLoader instantiated: org.apache.velocity.runtime.resource.loader.FileResourceLoader
2013-08-07 21:19:30,465 - FileResourceLoader : initialization starting.
2013-08-07 21:19:30,465 - Do unicode file recognition:  false
2013-08-07 21:19:30,465 - FileResourceLoader : adding path '.'
2013-08-07 21:19:30,465 - FileResourceLoader : initialization complete.
2013-08-07 21:19:30,479 - ResourceCache: initialized (class org.apache.velocity.runtime.resource.ResourceCacheImpl) with class java.util.Collections$SynchronizedMap cache map.
2013-08-07 21:19:30,480 - Default ResourceManager initialization complete.
2013-08-07 21:19:30,481 - Loaded System Directive: org.apache.velocity.runtime.directive.Stop
2013-08-07 21:19:30,483 - Loaded System Directive: org.apache.velocity.runtime.directive.Define
2013-08-07 21:19:30,484 - Loaded System Directive: org.apache.velocity.runtime.directive.Break
2013-08-07 21:19:30,486 - Loaded System Directive: org.apache.velocity.runtime.directive.Evaluate
2013-08-07 21:19:30,487 - Loaded System Directive: org.apache.velocity.runtime.directive.Literal
2013-08-07 21:19:30,488 - Loaded System Directive: org.apache.velocity.runtime.directive.Macro
2013-08-07 21:19:30,490 - Loaded System Directive: org.apache.velocity.runtime.directive.Parse
2013-08-07 21:19:30,492 - Loaded System Directive: org.apache.velocity.runtime.directive.Include
2013-08-07 21:19:30,493 - Loaded System Directive: org.apache.velocity.runtime.directive.Foreach
2013-08-07 21:19:30,557 - Created '20' parsers.
2013-08-07 21:19:30,565 - Velocimacro : initialization starting.
2013-08-07 21:19:30,565 - Velocimacro : "velocimacro.library" is not set.  Trying default library: VM_global_library.vm
2013-08-07 21:19:30,565 - Velocimacro : Default library not found.
2013-08-07 21:19:30,565 - Velocimacro : allowInline = true : VMs can be defined inline in templates
2013-08-07 21:19:30,565 - Velocimacro : allowInlineToOverride = false : VMs defined inline may NOT replace previous VM definitions
2013-08-07 21:19:30,565 - Velocimacro : allowInlineLocal = false : VMs defined inline will be global in scope if allowed.
2013-08-07 21:19:30,565 - Velocimacro : autoload off : VM system will not automatically reload global library macros
2013-08-07 21:19:30,565 - Velocimacro : Velocimacro : initialization complete.
2013-08-07 21:19:30,565 - RuntimeInstance successfully initialized.
2013-08-07 21:19:31,066 - Null reference [template '', line 172, column 16] : ${sql} cannot be resolved.
2013-08-07 21:19:31,066 - Null reference [template '', line 178, column 18] : ${sql} cannot be resolved.
2013-08-07 21:19:31,066 - Null reference [template '', line 183, column 18] : ${sql} cannot be resolved.
2013-08-07 21:19:55,396 - Null reference [template '', line 172, column 16] : ${sql} cannot be resolved.
2013-08-07 21:19:55,396 - Null reference [template '', line 178, column 18] : ${sql} cannot be resolved.
2013-08-07 21:19:55,396 - Null reference [template '', line 183, column 18] : ${sql} cannot be resolved.
2013-08-07 21:20:20,130 - Null reference [template '', line 172, column 16] : ${sql} cannot be resolved.
2013-08-07 21:20:20,130 - Null reference [template '', line 178, column 18] : ${sql} cannot be resolved.
2013-08-07 21:20:20,130 - Null reference [template '', line 183, column 18] : ${sql} cannot be resolved.
2013-08-07 21:48:20,798 - Log4JLogChute initialized using file 'velocity.log'
2013-08-07 21:48:20,811 - The version of log4j being used does not support the "trace" level.
2013-08-07 21:48:20,811 - Initializing Velocity, Calling init()...
2013-08-07 21:48:20,811 - *******************************************************************
2013-08-07 21:48:20,811 - Starting Apache Velocity v1.7 (compiled: 2010-11-19 12:14:37)
2013-08-07 21:48:20,811 - RuntimeInstance initializing.
2013-08-07 21:48:20,811 - Default Properties File: org\apache\velocity\runtime\defaults\velocity.properties
2013-08-07 21:48:20,811 - Trying to use logger class org.apache.velocity.runtime.log.AvalonLogChute
2013-08-07 21:48:20,811 - Target log system for org.apache.velocity.runtime.log.AvalonLogChute is not available (java.lang.NoClassDefFoundError: org/apache/log/format/Formatter).  Falling back to next log system...
2013-08-07 21:48:20,811 - Trying to use logger class org.apache.velocity.runtime.log.Log4JLogChute
2013-08-07 21:48:20,811 - Using logger class org.apache.velocity.runtime.log.Log4JLogChute
2013-08-07 21:48:20,815 - Default ResourceManager initializing. (class org.apache.velocity.runtime.resource.ResourceManagerImpl)
2013-08-07 21:48:20,820 - ResourceLoader instantiated: org.apache.velocity.runtime.resource.loader.FileResourceLoader
2013-08-07 21:48:20,822 - FileResourceLoader : initialization starting.
2013-08-07 21:48:20,822 - Do unicode file recognition:  false
2013-08-07 21:48:20,822 - FileResourceLoader : adding path '.'
2013-08-07 21:48:20,822 - FileResourceLoader : initialization complete.
2013-08-07 21:48:20,836 - ResourceCache: initialized (class org.apache.velocity.runtime.resource.ResourceCacheImpl) with class java.util.Collections$SynchronizedMap cache map.
2013-08-07 21:48:20,836 - Default ResourceManager initialization complete.
2013-08-07 21:48:20,838 - Loaded System Directive: org.apache.velocity.runtime.directive.Stop
2013-08-07 21:48:20,840 - Loaded System Directive: org.apache.velocity.runtime.directive.Define
2013-08-07 21:48:20,841 - Loaded System Directive: org.apache.velocity.runtime.directive.Break
2013-08-07 21:48:20,843 - Loaded System Directive: org.apache.velocity.runtime.directive.Evaluate
2013-08-07 21:48:20,844 - Loaded System Directive: org.apache.velocity.runtime.directive.Literal
2013-08-07 21:48:20,846 - Loaded System Directive: org.apache.velocity.runtime.directive.Macro
2013-08-07 21:48:20,848 - Loaded System Directive: org.apache.velocity.runtime.directive.Parse
2013-08-07 21:48:20,850 - Loaded System Directive: org.apache.velocity.runtime.directive.Include
2013-08-07 21:48:20,852 - Loaded System Directive: org.apache.velocity.runtime.directive.Foreach
2013-08-07 21:48:20,937 - Created '20' parsers.
2013-08-07 21:48:20,957 - Velocimacro : initialization starting.
2013-08-07 21:48:20,957 - Velocimacro : "velocimacro.library" is not set.  Trying default library: VM_global_library.vm
2013-08-07 21:48:20,957 - Velocimacro : Default library not found.
2013-08-07 21:48:20,957 - Velocimacro : allowInline = true : VMs can be defined inline in templates
2013-08-07 21:48:20,957 - Velocimacro : allowInlineToOverride = false : VMs defined inline may NOT replace previous VM definitions
2013-08-07 21:48:20,957 - Velocimacro : allowInlineLocal = false : VMs defined inline will be global in scope if allowed.
2013-08-07 21:48:20,957 - Velocimacro : autoload off : VM system will not automatically reload global library macros
2013-08-07 21:48:20,957 - Velocimacro : Velocimacro : initialization complete.
2013-08-07 21:48:20,958 - RuntimeInstance successfully initialized.
2013-08-07 21:48:21,653 - Null reference [template '', line 172, column 16] : ${sql} cannot be resolved.
2013-08-07 21:48:21,653 - Null reference [template '', line 178, column 18] : ${sql} cannot be resolved.
2013-08-07 21:48:21,654 - Null reference [template '', line 183, column 18] : ${sql} cannot be resolved.
2013-08-07 21:48:39,680 - Null reference [template '', line 172, column 16] : ${sql} cannot be resolved.
2013-08-07 21:48:39,680 - Null reference [template '', line 178, column 18] : ${sql} cannot be resolved.
2013-08-07 21:48:39,680 - Null reference [template '', line 183, column 18] : ${sql} cannot be resolved.
